<?xml version="1.0" encoding="UTF-8" ?>
<testsuite failures="0" time="0.656" errors="0" skipped="0" tests="4" name="school.dao.jdbc.JdbcContactDAOTest">
  <properties>
[...]
</properties>
  <testcase time="0.234" classname="school.dao.jdbc.JdbcContactDAOTest" name="testCreateContact"/>
  <testcase time="0.156" classname="school.dao.jdbc.JdbcContactDAOTest" name="testReadContact"/>
  <testcase time="0.141" classname="school.dao.jdbc.JdbcContactDAOTest" name="testUpdateContact"/>
  <testcase time="0.125" classname="school.dao.jdbc.JdbcContactDAOTest" name="testDeleteContact"/>
</testsuite>